<?xml version="1.0" encoding="UTF-8"?>
<!-- Generated by org.testng.reporters.JUnitReportReporter -->
<testsuite hostname="LAPTOP-AE49641U" failures="0" tests="3" name="com.softwaretestingboard.magento.tests.LoginPageTest" time="0.062" errors="0" timestamp="2024-07-27T06:51:30 IST" skipped="0">
  <testcase classname="com.softwaretestingboard.magento.tests.LoginPageTest" name="forgotPwdLinkExistTest" time="0.045"/>
  <testcase classname="com.softwaretestingboard.magento.tests.LoginPageTest" name="loginPageTitleTest" time="0.009"/>
  <testcase classname="com.softwaretestingboard.magento.tests.LoginPageTest" name="loginPageURLTest" time="0.008"/>
</testsuite> <!-- com.softwaretestingboard.magento.tests.LoginPageTest -->
